[13:33:01] [Server thread/INFO]: Starting minecraft server version 1.8.8
[13:33:01] [Server thread/INFO]: Loading properties
[13:33:01] [Server thread/INFO]: Default game type: SURVIVAL
[13:33:02] [Server thread/INFO]: This server is running CraftBukkit version git-PaperSpigot-445 (MC: 1.8.8) (Implementing API version 1.8.8-R0.1-SNAPSHOT)
[13:33:02] [Server thread/INFO]: Spigot Timings: true - Verbose: true - Interval: 5m - Length: 60m
[13:33:02] [Server thread/INFO]: Server Ping Player Sample Count: 12
[13:33:02] [Server thread/INFO]: Using 4 threads for Netty based IO
[13:33:02] [Server thread/INFO]: Debug logging is disabled
[13:33:02] [Server thread/INFO]: Data value allowed items: 
[13:33:02] [Server thread/INFO]: Generating keypair
[13:33:02] [Server thread/INFO]: Starting Minecraft server on *:25565
[13:33:02] [Server thread/INFO]: Using epoll channel type
[13:33:02] [Server thread/INFO]: **** Beginning UUID conversion, this may take A LONG time ****
[13:33:02] [Server thread/INFO]: Preparing level "world"
[13:33:02] [Server thread/INFO]: -------- World Settings For [world] --------
[13:33:02] [Server thread/INFO]: Nerfing mobs spawned from spawners: false
[13:33:02] [Server thread/INFO]: Cactus Growth Modifier: 100%
[13:33:02] [Server thread/INFO]: Cane Growth Modifier: 100%
[13:33:02] [Server thread/INFO]: Melon Growth Modifier: 100%
[13:33:02] [Server thread/INFO]: Mushroom Growth Modifier: 100%
[13:33:02] [Server thread/INFO]: Pumpkin Growth Modifier: 100%
[13:33:02] [Server thread/INFO]: Sapling Growth Modifier: 100%
[13:33:02] [Server thread/INFO]: Wheat Growth Modifier: 100%
[13:33:02] [Server thread/INFO]: NetherWart Growth Modifier: 100%
[13:33:02] [Server thread/INFO]: Entity Activation Range: An 32 / Mo 32 / Mi 16
[13:33:02] [Server thread/INFO]: Entity Tracking Range: Pl 48 / An 48 / Mo 48 / Mi 32 / Other 64
[13:33:02] [Server thread/INFO]: Hopper Transfer: 8 Hopper Check: 8 Hopper Amount: 1
[13:33:02] [Server thread/INFO]: Random Lighting Updates: false
[13:33:02] [Server thread/INFO]: Mob Spawn Range: 4
[13:33:02] [Server thread/INFO]: Anti X-Ray: true
[13:33:02] [Server thread/INFO]: 	Engine Mode: 1
[13:33:02] [Server thread/INFO]: 	Hidden Blocks: [14, 15, 16, 21, 48, 49, 54, 56, 73, 74, 82, 129, 130]
[13:33:02] [Server thread/INFO]: 	Replace Blocks: [1, 5]
[13:33:02] [Server thread/INFO]: Structure Info Saving: true
[13:33:02] [Server thread/INFO]: Sending up to 10 chunks per packet
[13:33:02] [Server thread/INFO]: Max Entity Collisions: 8
[13:33:02] [Server thread/INFO]: Custom Map Seeds:  Village: 10387312 Feature: 14357617
[13:33:02] [Server thread/INFO]: Max TNT Explosions: 100
[13:33:02] [Server thread/INFO]: Tile Max Tick Time: 50ms Entity max Tick Time: 50ms
[13:33:02] [Server thread/INFO]: Item Despawn Rate: 6000
[13:33:02] [Server thread/INFO]: Item Merge Radius: 2.5
[13:33:02] [Server thread/INFO]: Arrow Despawn Rate: 1200
[13:33:02] [Server thread/INFO]: Allow Zombie Pigmen to spawn from portal blocks: true
[13:33:02] [Server thread/INFO]: View Distance: 10
[13:33:02] [Server thread/INFO]: Zombie Aggressive Towards Villager: true
[13:33:02] [Server thread/INFO]: Chunks to Grow per Tick: 650
[13:33:02] [Server thread/INFO]: Clear tick list: false
[13:33:02] [Server thread/INFO]: Experience Merge Radius: 3.0
[13:33:02] [Server thread/INFO]: -------- World Settings For [world] --------
[13:33:02] [Server thread/INFO]: Max height for cactus growth 3. Max height for reed growth 3
[13:33:02] [Server thread/INFO]: Squids will spawn between Y: 45.0 and Y: 63.0
[13:33:02] [Server thread/INFO]: Player blocking damage multiplier set to 0.5
[13:33:02] [Server thread/INFO]: Remove invalid mob spawner tile entities: true
[13:33:02] [Server thread/INFO]: Living Entity Despawn Ranges:  Soft: 32 Hard: 128
[13:33:02] [Server thread/INFO]: Water over lava flow speed: 5
[13:33:02] [Server thread/INFO]: Fix TNT cannons: false
[13:33:02] [Server thread/INFO]: Allow undead horse types to be leashed: false
[13:33:02] [Server thread/INFO]: Keep spawn chunk loaded: true
[13:33:02] [Server thread/INFO]: WorldServer TickNextTick cap set at 10000
[13:33:02] [Server thread/INFO]: WorldServer TickNextTickList cap always processes redstone: false
[13:33:02] [Server thread/INFO]: World async lighting: false
[13:33:02] [Server thread/INFO]: -------- World Settings For [world_nether] --------
[13:33:02] [Server thread/INFO]: Nerfing mobs spawned from spawners: false
[13:33:02] [Server thread/INFO]: Cactus Growth Modifier: 100%
[13:33:02] [Server thread/INFO]: Cane Growth Modifier: 100%
[13:33:02] [Server thread/INFO]: Melon Growth Modifier: 100%
[13:33:02] [Server thread/INFO]: Mushroom Growth Modifier: 100%
[13:33:02] [Server thread/INFO]: Pumpkin Growth Modifier: 100%
[13:33:02] [Server thread/INFO]: Sapling Growth Modifier: 100%
[13:33:02] [Server thread/INFO]: Wheat Growth Modifier: 100%
[13:33:02] [Server thread/INFO]: NetherWart Growth Modifier: 100%
[13:33:02] [Server thread/INFO]: Entity Activation Range: An 32 / Mo 32 / Mi 16
[13:33:02] [Server thread/INFO]: Entity Tracking Range: Pl 48 / An 48 / Mo 48 / Mi 32 / Other 64
[13:33:02] [Server thread/INFO]: Hopper Transfer: 8 Hopper Check: 8 Hopper Amount: 1
[13:33:02] [Server thread/INFO]: Random Lighting Updates: false
[13:33:02] [Server thread/INFO]: Mob Spawn Range: 4
[13:33:02] [Server thread/INFO]: Anti X-Ray: true
[13:33:02] [Server thread/INFO]: 	Engine Mode: 1
[13:33:02] [Server thread/INFO]: 	Hidden Blocks: [14, 15, 16, 21, 48, 49, 54, 56, 73, 74, 82, 129, 130]
[13:33:02] [Server thread/INFO]: 	Replace Blocks: [1, 5]
[13:33:02] [Server thread/INFO]: Structure Info Saving: true
[13:33:02] [Server thread/INFO]: Sending up to 10 chunks per packet
[13:33:02] [Server thread/INFO]: Max Entity Collisions: 8
[13:33:02] [Server thread/INFO]: Custom Map Seeds:  Village: 10387312 Feature: 14357617
[13:33:02] [Server thread/INFO]: Max TNT Explosions: 100
[13:33:02] [Server thread/INFO]: Tile Max Tick Time: 50ms Entity max Tick Time: 50ms
[13:33:02] [Server thread/INFO]: Item Despawn Rate: 6000
[13:33:02] [Server thread/INFO]: Item Merge Radius: 2.5
[13:33:02] [Server thread/INFO]: Arrow Despawn Rate: 1200
[13:33:02] [Server thread/INFO]: Allow Zombie Pigmen to spawn from portal blocks: true
[13:33:02] [Server thread/INFO]: View Distance: 10
[13:33:02] [Server thread/INFO]: Zombie Aggressive Towards Villager: true
[13:33:02] [Server thread/INFO]: Chunks to Grow per Tick: 650
[13:33:02] [Server thread/INFO]: Clear tick list: false
[13:33:02] [Server thread/INFO]: Experience Merge Radius: 3.0
[13:33:02] [Server thread/INFO]: -------- World Settings For [world_nether] --------
[13:33:02] [Server thread/INFO]: Max height for cactus growth 3. Max height for reed growth 3
[13:33:02] [Server thread/INFO]: Squids will spawn between Y: 45.0 and Y: 63.0
[13:33:02] [Server thread/INFO]: Player blocking damage multiplier set to 0.5
[13:33:02] [Server thread/INFO]: Remove invalid mob spawner tile entities: true
[13:33:02] [Server thread/INFO]: Living Entity Despawn Ranges:  Soft: 32 Hard: 128
[13:33:02] [Server thread/INFO]: Water over lava flow speed: 5
[13:33:02] [Server thread/INFO]: Fix TNT cannons: false
[13:33:02] [Server thread/INFO]: Allow undead horse types to be leashed: false
[13:33:02] [Server thread/INFO]: Keep spawn chunk loaded: true
[13:33:02] [Server thread/INFO]: WorldServer TickNextTick cap set at 10000
[13:33:02] [Server thread/INFO]: WorldServer TickNextTickList cap always processes redstone: false
[13:33:02] [Server thread/INFO]: World async lighting: false
[13:33:02] [Server thread/INFO]: -------- World Settings For [world_the_end] --------
[13:33:02] [Server thread/INFO]: Nerfing mobs spawned from spawners: false
[13:33:02] [Server thread/INFO]: Cactus Growth Modifier: 100%
[13:33:02] [Server thread/INFO]: Cane Growth Modifier: 100%
[13:33:02] [Server thread/INFO]: Melon Growth Modifier: 100%
[13:33:02] [Server thread/INFO]: Mushroom Growth Modifier: 100%
[13:33:02] [Server thread/INFO]: Pumpkin Growth Modifier: 100%
[13:33:02] [Server thread/INFO]: Sapling Growth Modifier: 100%
[13:33:02] [Server thread/INFO]: Wheat Growth Modifier: 100%
[13:33:02] [Server thread/INFO]: NetherWart Growth Modifier: 100%
[13:33:02] [Server thread/INFO]: Entity Activation Range: An 32 / Mo 32 / Mi 16
[13:33:02] [Server thread/INFO]: Entity Tracking Range: Pl 48 / An 48 / Mo 48 / Mi 32 / Other 64
[13:33:02] [Server thread/INFO]: Hopper Transfer: 8 Hopper Check: 8 Hopper Amount: 1
[13:33:02] [Server thread/INFO]: Random Lighting Updates: false
[13:33:02] [Server thread/INFO]: Mob Spawn Range: 4
[13:33:02] [Server thread/INFO]: Anti X-Ray: true
[13:33:02] [Server thread/INFO]: 	Engine Mode: 1
[13:33:02] [Server thread/INFO]: 	Hidden Blocks: [14, 15, 16, 21, 48, 49, 54, 56, 73, 74, 82, 129, 130]
[13:33:02] [Server thread/INFO]: 	Replace Blocks: [1, 5]
[13:33:02] [Server thread/INFO]: Structure Info Saving: true
[13:33:02] [Server thread/INFO]: Sending up to 10 chunks per packet
[13:33:02] [Server thread/INFO]: Max Entity Collisions: 8
[13:33:02] [Server thread/INFO]: Custom Map Seeds:  Village: 10387312 Feature: 14357617
[13:33:02] [Server thread/INFO]: Max TNT Explosions: 100
[13:33:02] [Server thread/INFO]: Tile Max Tick Time: 50ms Entity max Tick Time: 50ms
[13:33:02] [Server thread/INFO]: Item Despawn Rate: 6000
[13:33:02] [Server thread/INFO]: Item Merge Radius: 2.5
[13:33:02] [Server thread/INFO]: Arrow Despawn Rate: 1200
[13:33:02] [Server thread/INFO]: Allow Zombie Pigmen to spawn from portal blocks: true
[13:33:02] [Server thread/INFO]: View Distance: 10
[13:33:02] [Server thread/INFO]: Zombie Aggressive Towards Villager: true
[13:33:02] [Server thread/INFO]: Chunks to Grow per Tick: 650
[13:33:02] [Server thread/INFO]: Clear tick list: false
[13:33:02] [Server thread/INFO]: Experience Merge Radius: 3.0
[13:33:02] [Server thread/INFO]: -------- World Settings For [world_the_end] --------
[13:33:02] [Server thread/INFO]: Max height for cactus growth 3. Max height for reed growth 3
[13:33:02] [Server thread/INFO]: Squids will spawn between Y: 45.0 and Y: 63.0
[13:33:02] [Server thread/INFO]: Player blocking damage multiplier set to 0.5
[13:33:02] [Server thread/INFO]: Remove invalid mob spawner tile entities: true
[13:33:02] [Server thread/INFO]: Living Entity Despawn Ranges:  Soft: 32 Hard: 128
[13:33:02] [Server thread/INFO]: Water over lava flow speed: 5
[13:33:02] [Server thread/INFO]: Fix TNT cannons: false
[13:33:02] [Server thread/INFO]: Allow undead horse types to be leashed: false
[13:33:02] [Server thread/INFO]: Keep spawn chunk loaded: true
[13:33:02] [Server thread/INFO]: WorldServer TickNextTick cap set at 10000
[13:33:02] [Server thread/INFO]: WorldServer TickNextTickList cap always processes redstone: false
[13:33:02] [Server thread/INFO]: World async lighting: false
[13:33:03] [Server thread/INFO]: Preparing start region for level 0 (Seed: 1359977841070266496)
[13:33:03] [Server thread/INFO]: Preparing start region for level 1 (Seed: 1359977841070266496)
[13:33:04] [Server thread/INFO]: Preparing start region for level 2 (Seed: 1359977841070266496)
[13:33:04] [Server thread/INFO]: Server permissions file permissions.yml is empty, ignoring it
[13:33:04] [Server thread/INFO]: Done (2.302s)! For help, type "help" or "?"
[13:33:04] [Server thread/INFO]: Timings Reset
[13:33:24] [Server thread/INFO]: [Server] hi
[13:33:28] [Server thread/INFO]: Stopping the server
[13:33:28] [Server thread/INFO]: Stopping server
[13:33:28] [Server thread/INFO]: Saving players
[13:33:28] [Server thread/INFO]: Saving worlds
[13:33:28] [Server thread/INFO]: Saving chunks for level 'world'/Overworld
[13:33:28] [Server thread/INFO]: Saving chunks for level 'world_nether'/Nether
[13:33:28] [Server thread/INFO]: Saving chunks for level 'world_the_end'/The End
