[19:52:13] [ServerMain/INFO]: [bootstrap] Running Java 25 (OpenJDK 64-Bit Server VM 25.0.1+8-LTS; Microsoft Microsoft-12574222) on Linux 6.8.0-1030-azure (amd64)
[19:52:13] [ServerMain/INFO]: [bootstrap] Loading Paper 1.21.1-120-master@57c75a4 (2024-10-09T21:11:07Z) for Minecraft 1.21.1
[19:52:14] [ServerMain/INFO]: [PluginInitializerManager] Initializing plugins...
[19:52:15] [ServerMain/INFO]: [PluginInitializerManager] Initialized 0 plugins
[19:52:32] [ServerMain/INFO]: Environment: Environment[sessionHost=https://sessionserver.mojang.com, servicesHost=https://api.minecraftservices.com, name=PROD]
[19:52:33] [ServerMain/INFO]: Found new data pack file/bukkit, loading it automatically
[19:52:33] [ServerMain/INFO]: Found new data pack paper, loading it automatically
[19:52:36] [ServerMain/INFO]: No existing world data, creating new world
[19:52:39] [ServerMain/INFO]: Loaded 1290 recipes
[19:52:40] [ServerMain/INFO]: Loaded 1399 advancements
[19:52:41] [Server thread/INFO]: Starting minecraft server version 1.21.1
[19:52:41] [Server thread/INFO]: Loading properties
[19:52:41] [Server thread/INFO]: This server is running Paper version 1.21.1-120-master@57c75a4 (2024-10-09T21:11:07Z) (Implementing API version 1.21.1-R0.1-SNAPSHOT)
[19:52:43] [Server thread/INFO]: [spark] This server bundles the spark profiler. For more information please visit https://docs.papermc.io/paper/profiling
[19:52:44] [Server thread/INFO]: Using 4 threads for Netty based IO
[19:52:44] [Server thread/INFO]: Server Ping Player Sample Count: 12
[19:52:47] [Server thread/INFO]: [ChunkTaskScheduler] Chunk system is using 1 I/O threads, 1 worker threads, and population gen parallelism of 1 threads
[19:52:48] [Server thread/INFO]: Default game type: SURVIVAL
[19:52:48] [Server thread/INFO]: Generating keypair
[19:52:48] [Server thread/INFO]: Starting Minecraft server on *:25565
[19:52:48] [Server thread/INFO]: Using epoll channel type
[19:52:48] [Server thread/INFO]: Paper: Using libdeflate (Linux x86_64) compression from Velocity.
[19:52:48] [Server thread/INFO]: Paper: Using OpenSSL 3.x.x (Linux x86_64) cipher from Velocity.
[19:52:48] [Server thread/WARN]: **** FAILED TO BIND TO PORT!
[19:52:48] [Server thread/WARN]: The exception was: io.netty.channel.unix.Errors$NativeIoException: bind(..) failed: Address already in use
[19:52:48] [Server thread/WARN]: Perhaps a server is already running on that port?
[19:52:48] [Server thread/ERROR]: Encountered an unexpected exception
java.lang.IllegalStateException: Failed to bind to port
	at net.minecraft.server.dedicated.DedicatedServer.initServer(DedicatedServer.java:286) ~[paper-1.21.1.jar:1.21.1-120-57c75a4]
	at net.minecraft.server.MinecraftServer.runServer(MinecraftServer.java:1214) ~[paper-1.21.1.jar:1.21.1-120-57c75a4]
	at net.minecraft.server.MinecraftServer.lambda$spin$0(MinecraftServer.java:329) ~[paper-1.21.1.jar:1.21.1-120-57c75a4]
	at java.base/java.lang.Thread.run(Thread.java:1474) ~[?:?]
Caused by: io.netty.channel.unix.Errors$NativeIoException: bind(..) failed: Address already in use
[19:52:49] [Server thread/ERROR]: This crash report has been saved to: /workspaces/NautilusNetwork/my_network/survival/crash-reports/crash-2026-01-08_19.52.49-server.txt
[19:52:49] [Server thread/INFO]: Stopping server
[19:52:49] [Server thread/INFO]: Saving players
[19:52:49] [Server thread/INFO]: Saving worlds
[19:52:49] [Server thread/INFO]: ThreadedAnvilChunkStorage: All dimensions are saved
